<?xml version="1.0" encoding="UTF-8"?>
<!-- Generated by org.testng.reporters.JUnitReportReporter -->
<testsuite skipped="0" hostname="ajay-Lenovo-ideapad-110-15ISK" name="WebAutomationTestClass" tests="1" failures="0" timestamp="2021-03-05T09:18:39 IST" time="68.268" errors="0">
  <testcase name="validateTestFlow" time="68.268" classname="WebAutomationTestClass"/>
  <system-out/>
</testsuite> <!-- WebAutomationTestClass -->
